[2026-06-26] 项目交付日志

1. 完成应用页与表单页的基础贯通：
   - 支持创建空白应用
   - 支持进入应用、查看表单导航
   - 支持内置系统页面挂载

2. 完成 Rust 后端基础接口：
   - 应用增删改查
   - 表单创建与删除
   - 导航项与分组管理
   - 表单 Schema 草稿、发布、版本恢复
   - 表单记录保存与查询

3. 完成前端 API 客户端自动生成：
   - `pnpm dev` 前自动执行 `openapi-ts`
   - 生成目录为 `app/lib/api-client`

4. 完成表单设计器核心能力：
   - 组件拖拽布局
   - 分组容器
   - 组件属性编辑
   - 页面属性与数据源变量配置
   - 动作脚本统一编辑
   - 页面源码查看

5. 完成表单运行时能力：
   - 表单提交视图
   - 全部数据视图
   - 抽屉新增记录
   - 基于已发布 Schema 的运行时渲染

6. 完成多项前端优化：
   - 优先切换到 HeroUI 组件
   - 修复部分 hydration 警告
   - 优化导航拖拽与排序
   - 优化设计器工作台和头部信息布局

7. 当前已验证：
   - `pnpm build` 通过
   - 关键设计器与运行时页面可正常编译

8. 待继续事项：
   - 表单权限模型
   - 自定义视图能力
   - 动作脚本调试增强
   - 运行时更多字段类型与数据校验
